Build started 27.01.2016 23:52:41.
     1>Project "C:\Users\Kamil\Dropbox\BearFinder\BearFinder\BearFinder.vcxproj" on node 2 (Build target(s)).
     1>ClCompile:
         C:\Program Files (x86)\Microsoft Visual Studio 12.0\VC\bin\x86_amd64\CL.exe /c /IC:\Ceemple\OpenCV4VS\include /Zi /nologo /W3 /WX- /sdl /O2 /Oi /GL /D _MBCS /Gm- /EHsc /MD /GS /Gy /fp:precise /Zc:wchar_t /Zc:forScope /Fo"x64\Release\\" /Fd"x64\Release\vc120.pdb" /Gd /TP /errorReport:prompt Scena.cpp
         Scena.cpp
     1>c:\users\kamil\dropbox\bearfinder\bearfinder\Scena.h(11): warning C4244: 'initializing' : conversion from 'double' to 'const int', possible loss of data
     1>c:\users\kamil\dropbox\bearfinder\bearfinder\Scena.h(12): warning C4244: 'initializing' : conversion from 'const ZNACZNIK' to 'const int', possible loss of data
     1>Scena.cpp(79): warning C4244: '=' : conversion from 'double' to 'int', possible loss of data
     1>Scena.cpp(80): warning C4244: '=' : conversion from 'double' to 'int', possible loss of data
     1>Scena.cpp(87): warning C4244: '=' : conversion from 'double' to 'int', possible loss of data
     1>Scena.cpp(88): warning C4244: '=' : conversion from 'double' to 'int', possible loss of data
     1>Scena.cpp(95): warning C4244: '=' : conversion from 'double' to 'int', possible loss of data
     1>Scena.cpp(96): warning C4244: '=' : conversion from 'double' to 'int', possible loss of data
     1>Scena.cpp(103): warning C4244: '=' : conversion from 'double' to 'int', possible loss of data
     1>Scena.cpp(104): warning C4244: '=' : conversion from 'double' to 'int', possible loss of data
     1>Scena.cpp(303): warning C4244: 'argument' : conversion from 'int' to 'float', possible loss of data
     1>Scena.cpp(304): warning C4244: 'argument' : conversion from 'int' to 'float', possible loss of data
     1>Scena.cpp(305): warning C4244: 'argument' : conversion from 'int' to 'float', possible loss of data
     1>Scena.cpp(351): warning C4244: 'initializing' : conversion from 'float' to 'int', possible loss of data
     1>Scena.cpp(352): warning C4244: 'initializing' : conversion from 'float' to 'int', possible loss of data
     1>Scena.cpp(369): warning C4244: '=' : conversion from 'double' to 'int', possible loss of data
     1>Scena.cpp(370): warning C4244: '=' : conversion from 'double' to 'int', possible loss of data
     1>Scena.cpp(496): warning C4267: 'initializing' : conversion from 'size_t' to 'int', possible loss of data
     1>Scena.cpp(518): warning C4244: 'initializing' : conversion from 'double' to 'int', possible loss of data
     1>Scena.cpp(519): warning C4244: 'initializing' : conversion from 'double' to 'int', possible loss of data
     1>Scena.cpp(531): warning C4244: '=' : conversion from 'double' to 'int', possible loss of data
     1>Scena.cpp(532): warning C4244: '=' : conversion from 'double' to 'int', possible loss of data
     1>Scena.cpp(541): warning C4267: '=' : conversion from 'size_t' to 'int', possible loss of data
     1>Scena.cpp(591): warning C4244: 'initializing' : conversion from 'double' to 'float', possible loss of data
     1>Scena.cpp(592): warning C4244: 'initializing' : conversion from 'double' to 'float', possible loss of data
     1>Scena.cpp(594): warning C4244: 'initializing' : conversion from 'const int' to 'float', possible loss of data
     1>Scena.cpp(601): warning C4305: 'return' : truncation from 'double' to 'float'
     1>Scena.cpp(660): warning C4267: '=' : conversion from 'size_t' to 'int', possible loss of data
     1>Scena.cpp(681): warning C4267: '=' : conversion from 'size_t' to 'int', possible loss of data
     1>Scena.cpp(741): warning C4244: '=' : conversion from 'double' to 'float', possible loss of data
     1>Scena.cpp(742): warning C4244: '=' : conversion from 'double' to 'float', possible loss of data
     1>Scena.cpp(743): warning C4244: '=' : conversion from 'double' to 'float', possible loss of data
     1>Scena.cpp(744): warning C4244: '=' : conversion from 'double' to 'float', possible loss of data
     1>Scena.cpp(748): warning C4244: '=' : conversion from 'double' to 'float', possible loss of data
     1>Scena.cpp(749): warning C4244: '=' : conversion from 'double' to 'float', possible loss of data
     1>Scena.cpp(750): warning C4244: '=' : conversion from 'double' to 'float', possible loss of data
     1>Scena.cpp(751): warning C4244: '=' : conversion from 'double' to 'float', possible loss of data
     1>Scena.cpp(755): warning C4244: '=' : conversion from 'double' to 'float', possible loss of data
     1>Scena.cpp(756): warning C4244: '=' : conversion from 'double' to 'float', possible loss of data
     1>Scena.cpp(757): warning C4244: '=' : conversion from 'double' to 'float', possible loss of data
     1>Scena.cpp(758): warning C4244: '=' : conversion from 'double' to 'float', possible loss of data
     1>Scena.cpp(794): warning C4244: 'initializing' : conversion from 'double' to 'const float', possible loss of data
     1>Scena.cpp(795): warning C4244: 'return' : conversion from 'double' to 'float', possible loss of data
     1>Scena.cpp(797): warning C4244: 'return' : conversion from 'double' to 'float', possible loss of data
     1>Scena.cpp(798): warning C4244: 'return' : conversion from 'double' to 'float', possible loss of data
     1>Scena.cpp(799): warning C4244: 'argument' : conversion from 'const float' to 'int', possible loss of data
     1>Scena.cpp(799): warning C4244: 'return' : conversion from 'double' to 'float', possible loss of data
     1>Scena.cpp(891): warning C4244: 'initializing' : conversion from 'double' to 'float', possible loss of data
     1>Scena.cpp(986): warning C4244: 'initializing' : conversion from 'double' to 'float', possible loss of data
     1>Scena.cpp(1054): warning C4244: 'initializing' : conversion from 'double' to 'float', possible loss of data
     1>Scena.cpp(1057): warning C4244: 'initializing' : conversion from 'double' to 'int', possible loss of data
     1>Scena.cpp(1093): warning C4244: 'initializing' : conversion from 'double' to 'float', possible loss of data
     1>Scena.cpp(1098): warning C4244: 'initializing' : conversion from 'double' to 'int', possible loss of data
       Link:
         C:\Program Files (x86)\Microsoft Visual Studio 12.0\VC\bin\x86_amd64\link.exe /ERRORREPORT:PROMPT /OUT:"C:\Users\Kamil\Dropbox\BearFinder\x64\Release\BearFinder.exe" /NOLOGO /LIBPATH:C:\Ceemple\OpenCV4VS\lib kernel32.lib user32.lib gdi32.lib winspool.lib comdlg32.lib advapi32.lib shell32.lib ole32.lib oleaut32.lib uuid.lib odbc32.lib odbccp32.lib kernel32.lib user32.lib gdi32.lib winspool.lib comdlg32.lib advapi32.lib shell32.lib ole32.lib oleaut32.lib uuid.lib odbc32.lib odbccp32.lib StatTimer.lib clBLAS.lib clFFT.lib opencv_calib3d300.lib opencv_core300.lib opencv_cuda300.lib opencv_cudaarithm300.lib opencv_cudabgsegm300.lib opencv_cudacodec300.lib opencv_cudafeatures2d300.lib opencv_cudafilters300.lib opencv_cudaimgproc300.lib opencv_cudalegacy300.lib opencv_cudaoptflow300.lib opencv_cudastereo300.lib opencv_cudawarping300.lib opencv_cudev300.lib opencv_features2d300.lib opencv_flann300.lib opencv_highgui300.lib opencv_imgcodecs300.lib opencv_imgproc300.lib opencv_ml300.lib opencv_objdetect300.lib opencv_photo300.lib opencv_shape300.lib opencv_stitching300.lib opencv_superres300.lib opencv_ts300.lib opencv_video300.lib opencv_videoio300.lib opencv_videostab300.lib opengl32.lib glu32.lib /MANIFEST /MANIFESTUAC:"level='asInvoker' uiAccess='false'" /manifest:embed /DEBUG /PDB:"C:\Users\Kamil\Dropbox\BearFinder\x64\Release\BearFinder.pdb" /OPT:REF /OPT:ICF /LTCG /TLBID:1 /DYNAMICBASE /NXCOMPAT /IMPLIB:"C:\Users\Kamil\Dropbox\BearFinder\x64\Release\BearFinder.lib" /MACHINE:X64 x64\Release\main.obj
         x64\Release\Scena.obj
         Generating code
         Finished generating code
         BearFinder.vcxproj -> C:\Users\Kamil\Dropbox\BearFinder\x64\Release\BearFinder.exe
     1>Done Building Project "C:\Users\Kamil\Dropbox\BearFinder\BearFinder\BearFinder.vcxproj" (Build target(s)).

Build succeeded.

Time Elapsed 00:00:08.59
