Build started 27.01.2016 22:28:08.
     1>Project "C:\Users\Kamil\Dropbox\BearFinder\BearFinder\BearFinder.vcxproj" on node 2 (Build target(s)).
     1>ClCompile:
         C:\Program Files (x86)\Microsoft Visual Studio 12.0\VC\bin\x86_amd64\CL.exe /c /IC:\Ceemple\OpenCV4VS\include /Zi /nologo /W3 /WX- /sdl /Od /D _MBCS /Gm /EHsc /RTC1 /MDd /GS /fp:precise /Zc:wchar_t /Zc:forScope /Fo"x64\Debug\\" /Fd"x64\Debug\vc120.pdb" /Gd /TP /errorReport:prompt Scena.cpp
         Scena.cpp
     1>c:\users\kamil\dropbox\bearfinder\bearfinder\Scena.h(11): warning C4244: 'initializing' : conversion from 'double' to 'const int', possible loss of data
     1>c:\users\kamil\dropbox\bearfinder\bearfinder\Scena.h(12): warning C4244: 'initializing' : conversion from 'const ZNACZNIK' to 'const int', possible loss of data
     1>Scena.cpp(79): warning C4244: '=' : conversion from 'double' to 'int', possible loss of data
     1>Scena.cpp(80): warning C4244: '=' : conversion from 'double' to 'int', possible loss of data
     1>Scena.cpp(87): warning C4244: '=' : conversion from 'double' to 'int', possible loss of data
     1>Scena.cpp(88): warning C4244: '=' : conversion from 'double' to 'int', possible loss of data
     1>Scena.cpp(95): warning C4244: '=' : conversion from 'double' to 'int', possible loss of data
     1>Scena.cpp(96): warning C4244: '=' : conversion from 'double' to 'int', possible loss of data
     1>Scena.cpp(103): warning C4244: '=' : conversion from 'double' to 'int', possible loss of data
     1>Scena.cpp(104): warning C4244: '=' : conversion from 'double' to 'int', possible loss of data
     1>Scena.cpp(303): warning C4244: 'argument' : conversion from 'int' to 'float', possible loss of data
     1>Scena.cpp(304): warning C4244: 'argument' : conversion from 'int' to 'float', possible loss of data
     1>Scena.cpp(305): warning C4244: 'argument' : conversion from 'int' to 'float', possible loss of data
     1>Scena.cpp(351): warning C4244: 'initializing' : conversion from 'float' to 'int', possible loss of data
     1>Scena.cpp(352): warning C4244: 'initializing' : conversion from 'float' to 'int', possible loss of data
     1>Scena.cpp(369): warning C4244: '=' : conversion from 'double' to 'int', possible loss of data
     1>Scena.cpp(370): warning C4244: '=' : conversion from 'double' to 'int', possible loss of data
     1>Scena.cpp(496): warning C4267: 'initializing' : conversion from 'size_t' to 'int', possible loss of data
     1>Scena.cpp(518): warning C4244: 'initializing' : conversion from 'double' to 'int', possible loss of data
     1>Scena.cpp(519): warning C4244: 'initializing' : conversion from 'double' to 'int', possible loss of data
     1>Scena.cpp(531): warning C4244: '=' : conversion from 'double' to 'int', possible loss of data
     1>Scena.cpp(532): warning C4244: '=' : conversion from 'double' to 'int', possible loss of data
     1>Scena.cpp(541): warning C4267: '=' : conversion from 'size_t' to 'int', possible loss of data
     1>Scena.cpp(591): warning C4244: 'initializing' : conversion from 'double' to 'float', possible loss of data
     1>Scena.cpp(592): warning C4244: 'initializing' : conversion from 'double' to 'float', possible loss of data
     1>Scena.cpp(594): warning C4244: 'initializing' : conversion from 'const int' to 'float', possible loss of data
     1>Scena.cpp(601): warning C4305: 'return' : truncation from 'double' to 'float'
     1>Scena.cpp(660): warning C4267: '=' : conversion from 'size_t' to 'int', possible loss of data
     1>Scena.cpp(681): warning C4267: '=' : conversion from 'size_t' to 'int', possible loss of data
     1>Scena.cpp(741): warning C4244: '=' : conversion from 'double' to 'float', possible loss of data
     1>Scena.cpp(742): warning C4244: '=' : conversion from 'double' to 'float', possible loss of data
     1>Scena.cpp(743): warning C4244: '=' : conversion from 'double' to 'float', possible loss of data
     1>Scena.cpp(744): warning C4244: '=' : conversion from 'double' to 'float', possible loss of data
     1>Scena.cpp(748): warning C4244: '=' : conversion from 'double' to 'float', possible loss of data
     1>Scena.cpp(749): warning C4244: '=' : conversion from 'double' to 'float', possible loss of data
     1>Scena.cpp(750): warning C4244: '=' : conversion from 'double' to 'float', possible loss of data
     1>Scena.cpp(751): warning C4244: '=' : conversion from 'double' to 'float', possible loss of data
     1>Scena.cpp(755): warning C4244: '=' : conversion from 'double' to 'float', possible loss of data
     1>Scena.cpp(756): warning C4244: '=' : conversion from 'double' to 'float', possible loss of data
     1>Scena.cpp(757): warning C4244: '=' : conversion from 'double' to 'float', possible loss of data
     1>Scena.cpp(758): warning C4244: '=' : conversion from 'double' to 'float', possible loss of data
     1>Scena.cpp(794): warning C4244: 'initializing' : conversion from 'double' to 'const float', possible loss of data
     1>Scena.cpp(795): warning C4244: 'return' : conversion from 'double' to 'float', possible loss of data
     1>Scena.cpp(797): warning C4244: 'return' : conversion from 'double' to 'float', possible loss of data
     1>Scena.cpp(798): warning C4244: 'return' : conversion from 'double' to 'float', possible loss of data
     1>Scena.cpp(799): warning C4244: 'argument' : conversion from 'const float' to 'int', possible loss of data
     1>Scena.cpp(799): warning C4244: 'return' : conversion from 'double' to 'float', possible loss of data
     1>Scena.cpp(887): warning C4244: 'initializing' : conversion from 'double' to 'float', possible loss of data
     1>Scena.cpp(982): warning C4244: 'initializing' : conversion from 'double' to 'float', possible loss of data
     1>Scena.cpp(1050): warning C4244: 'initializing' : conversion from 'double' to 'float', possible loss of data
     1>Scena.cpp(1053): warning C4244: 'initializing' : conversion from 'double' to 'int', possible loss of data
     1>Scena.cpp(1089): warning C4244: 'initializing' : conversion from 'double' to 'float', possible loss of data
     1>Scena.cpp(1094): warning C4244: 'initializing' : conversion from 'double' to 'int', possible loss of data
       Link:
         C:\Program Files (x86)\Microsoft Visual Studio 12.0\VC\bin\x86_amd64\link.exe /ERRORREPORT:PROMPT /OUT:"C:\Users\Kamil\Dropbox\BearFinder\x64\Debug\BearFinder.exe" /INCREMENTAL /NOLOGO /LIBPATH:C:\Ceemple\OpenCV4VS\lib kernel32.lib user32.lib gdi32.lib winspool.lib comdlg32.lib advapi32.lib shell32.lib ole32.lib oleaut32.lib uuid.lib odbc32.lib odbccp32.lib kernel32.lib user32.lib gdi32.lib winspool.lib comdlg32.lib advapi32.lib shell32.lib ole32.lib oleaut32.lib uuid.lib odbc32.lib odbccp32.lib StatTimer.lib clBLAS.lib clFFT.lib opencv_calib3d300d.lib opencv_core300d.lib opencv_cuda300d.lib opencv_cudaarithm300d.lib opencv_cudabgsegm300d.lib opencv_cudacodec300d.lib opencv_cudafeatures2d300d.lib opencv_cudafilters300d.lib opencv_cudaimgproc300d.lib opencv_cudalegacy300d.lib opencv_cudaoptflow300d.lib opencv_cudastereo300d.lib opencv_cudawarping300d.lib opencv_cudev300d.lib opencv_features2d300d.lib opencv_flann300d.lib opencv_highgui300d.lib opencv_imgcodecs300d.lib opencv_imgproc300d.lib opencv_ml300d.lib opencv_objdetect300d.lib opencv_photo300d.lib opencv_shape300d.lib opencv_stitching300d.lib opencv_superres300d.lib opencv_ts300d.lib opencv_video300d.lib opencv_videoio300d.lib opencv_videostab300d.lib opengl32.lib glu32.lib /MANIFEST /MANIFESTUAC:"level='asInvoker' uiAccess='false'" /manifest:embed /DEBUG /PDB:"C:\Users\Kamil\Dropbox\BearFinder\x64\Debug\BearFinder.pdb" /TLBID:1 /DYNAMICBASE /NXCOMPAT /IMPLIB:"C:\Users\Kamil\Dropbox\BearFinder\x64\Debug\BearFinder.lib" /MACHINE:X64 x64\Debug\main.obj
         x64\Debug\Scena.obj
         BearFinder.vcxproj -> C:\Users\Kamil\Dropbox\BearFinder\x64\Debug\BearFinder.exe
     1>Done Building Project "C:\Users\Kamil\Dropbox\BearFinder\BearFinder\BearFinder.vcxproj" (Build target(s)).

Build succeeded.

Time Elapsed 00:00:04.43
